22.01.2021 22:34:49 INFO  [main] de.uni_leipzig.simba.controller.PPJoinController.run(PPJoinController.java:135): ID: ontBig1
Var: ?x
Prefixes: {rdf=http://www.w3.org/1999/02/22-rdf-syntax-ns#, owl=http://www.w3.org/2002/07/owl/#, imbt=http://oaei.ontologymatching.org/2010/IIMBTBOX/, rdfs=http://www.w3.org/2000/01/rdf-schema#}
Endpoint: C:\Users\couco\Downloads\LIMES.0.6.RC4-2\LIMES.0.6.RC4-2\Release_Examples\ontBig.nt
Graph: null
Restrictions: []
Properties: [imbt:name]
Functions: {imbt:name={imbt:name=}}
Page size: 5000
Type: n-triples

22.01.2021 22:34:49 INFO  [main] de.uni_leipzig.simba.controller.PPJoinController.run(PPJoinController.java:136): ID: output
Var: ?y
Prefixes: {rdf=http://www.w3.org/1999/02/22-rdf-syntax-ns#, owl=http://www.w3.org/2002/07/owl/#, imbt=http://oaei.ontologymatching.org/2010/IIMBTBOX/, rdfs=http://www.w3.org/2000/01/rdf-schema#}
Endpoint: C:\Users\couco\Downloads\LIMES.0.6.RC4-2\LIMES.0.6.RC4-2\Release_Examples\output_file.nt
Graph: null
Restrictions: []
Properties: [imbt:name]
Functions: {imbt:name={imbt:name=}}
Page size: 5000
Type: n-triples

22.01.2021 22:34:49 INFO  [main] de.uni_leipzig.simba.controller.PPJoinController.run(PPJoinController.java:141): Loading source data ...
22.01.2021 22:34:49 INFO  [main] de.uni_leipzig.simba.cache.HybridCache.getData(HybridCache.java:232): Checking for file C:\Users\couco\Downloads\LIMES.0.6.RC4-2\LIMES.0.6.RC4-2\cache\-603319395.ser
22.01.2021 22:34:49 INFO  [main] de.uni_leipzig.simba.cache.HybridCache.getData(HybridCache.java:248): No cached data found for ontBig1
22.01.2021 22:34:49 INFO  [main] de.uni_leipzig.simba.query.QueryModuleFactory.getQueryModule(QueryModuleFactory.java:19): Generating <n-triples> reader
22.01.2021 22:34:49 INFO  [main] de.uni_leipzig.simba.query.FileQueryModule.<init>(FileQueryModule.java:56): RDF model read from C:\Users\couco\Downloads\LIMES.0.6.RC4-2\LIMES.0.6.RC4-2\Release_Examples\ontBig.nt is of size 10034
22.01.2021 22:34:49 INFO  [main] de.uni_leipzig.simba.query.ModelRegistry.register(ModelRegistry.java:34): Registry = [C:\Users\couco\Downloads\LIMES.0.6.RC4-2\LIMES.0.6.RC4-2\Release_Examples\ontBig.nt]
22.01.2021 22:34:49 INFO  [main] de.uni_leipzig.simba.query.SparqlQueryModule.fillCache(SparqlQueryModule.java:93): Properties are [imbt:name]
22.01.2021 22:34:49 INFO  [main] de.uni_leipzig.simba.query.SparqlQueryModule.fillCache(SparqlQueryModule.java:139): Query issued is 
PREFIX rdf: <http://www.w3.org/1999/02/22-rdf-syntax-ns#>
PREFIX owl: <http://www.w3.org/2002/07/owl/#>
PREFIX imbt: <http://oaei.ontologymatching.org/2010/IIMBTBOX/>
PREFIX rdfs: <http://www.w3.org/2000/01/rdf-schema#>
SELECT DISTINCT ?x ?v0
WHERE {
?x imbt:name ?v0 .
}
22.01.2021 22:34:49 INFO  [main] de.uni_leipzig.simba.query.SparqlQueryModule.fillCache(SparqlQueryModule.java:141): Querying the endpoint.
22.01.2021 22:34:49 INFO  [main] de.uni_leipzig.simba.query.SparqlQueryModule.fillCache(SparqlQueryModule.java:149): Getting statements 0 to 5000
22.01.2021 22:34:50 INFO  [main] de.uni_leipzig.simba.query.SparqlQueryModule.fillCache(SparqlQueryModule.java:149): Getting statements 5000 to 10000
22.01.2021 22:34:50 INFO  [main] de.uni_leipzig.simba.query.SparqlQueryModule.fillCache(SparqlQueryModule.java:248): Retrieved 1363 triples and 1363 entities.
22.01.2021 22:34:50 INFO  [main] de.uni_leipzig.simba.query.SparqlQueryModule.fillCache(SparqlQueryModule.java:249): Retrieving statements took 0.218 seconds.
22.01.2021 22:34:50 INFO  [main] de.uni_leipzig.simba.cache.HybridCache.saveToFile(HybridCache.java:179): Serializing 1363 objects to C:\Users\couco\Downloads\LIMES.0.6.RC4-2\LIMES.0.6.RC4-2\cache\-603319395.ser
22.01.2021 22:34:50 INFO  [main] de.uni_leipzig.simba.controller.PPJoinController.run(PPJoinController.java:146): Loading target data ...
22.01.2021 22:34:50 INFO  [main] de.uni_leipzig.simba.cache.HybridCache.getData(HybridCache.java:232): Checking for file C:\Users\couco\Downloads\LIMES.0.6.RC4-2\LIMES.0.6.RC4-2\cache\1583074885.ser
22.01.2021 22:34:50 INFO  [main] de.uni_leipzig.simba.cache.HybridCache.getData(HybridCache.java:248): No cached data found for output
22.01.2021 22:34:50 INFO  [main] de.uni_leipzig.simba.query.QueryModuleFactory.getQueryModule(QueryModuleFactory.java:19): Generating <n-triples> reader
22.01.2021 22:34:50 INFO  [main] de.uni_leipzig.simba.query.FileQueryModule.<init>(FileQueryModule.java:56): RDF model read from C:\Users\couco\Downloads\LIMES.0.6.RC4-2\LIMES.0.6.RC4-2\Release_Examples\output_file.nt is of size 8678
22.01.2021 22:34:50 INFO  [main] de.uni_leipzig.simba.query.ModelRegistry.register(ModelRegistry.java:34): Registry = [C:\Users\couco\Downloads\LIMES.0.6.RC4-2\LIMES.0.6.RC4-2\Release_Examples\ontBig.nt, C:\Users\couco\Downloads\LIMES.0.6.RC4-2\LIMES.0.6.RC4-2\Release_Examples\output_file.nt]
22.01.2021 22:34:50 INFO  [main] de.uni_leipzig.simba.query.SparqlQueryModule.fillCache(SparqlQueryModule.java:93): Properties are [imbt:name]
22.01.2021 22:34:50 INFO  [main] de.uni_leipzig.simba.query.SparqlQueryModule.fillCache(SparqlQueryModule.java:139): Query issued is 
PREFIX rdf: <http://www.w3.org/1999/02/22-rdf-syntax-ns#>
PREFIX owl: <http://www.w3.org/2002/07/owl/#>
PREFIX imbt: <http://oaei.ontologymatching.org/2010/IIMBTBOX/>
PREFIX rdfs: <http://www.w3.org/2000/01/rdf-schema#>
SELECT DISTINCT ?y ?v0
WHERE {
?y imbt:name ?v0 .
}
22.01.2021 22:34:50 INFO  [main] de.uni_leipzig.simba.query.SparqlQueryModule.fillCache(SparqlQueryModule.java:141): Querying the endpoint.
22.01.2021 22:34:50 INFO  [main] de.uni_leipzig.simba.query.SparqlQueryModule.fillCache(SparqlQueryModule.java:149): Getting statements 0 to 5000
22.01.2021 22:34:50 INFO  [main] de.uni_leipzig.simba.query.SparqlQueryModule.fillCache(SparqlQueryModule.java:149): Getting statements 5000 to 10000
22.01.2021 22:34:50 INFO  [main] de.uni_leipzig.simba.query.SparqlQueryModule.fillCache(SparqlQueryModule.java:248): Retrieved 1233 triples and 1233 entities.
22.01.2021 22:34:50 INFO  [main] de.uni_leipzig.simba.query.SparqlQueryModule.fillCache(SparqlQueryModule.java:249): Retrieving statements took 0.014 seconds.
22.01.2021 22:34:50 INFO  [main] de.uni_leipzig.simba.cache.HybridCache.saveToFile(HybridCache.java:179): Serializing 1233 objects to C:\Users\couco\Downloads\LIMES.0.6.RC4-2\LIMES.0.6.RC4-2\cache\1583074885.ser
22.01.2021 22:34:50 INFO  [main] de.uni_leipzig.simba.controller.PPJoinController.run(PPJoinController.java:159): Getting links ...
22.01.2021 22:34:50 INFO  [main] de.uni_leipzig.simba.mapper.atomic.JaroMapper.getMapping(JaroMapper.java:25): Running JaroMapper
22.01.2021 22:34:51 INFO  [main] de.uni_leipzig.simba.controller.PPJoinController.run(PPJoinController.java:162): Got links in 487ms.
22.01.2021 22:34:51 INFO  [main] de.uni_leipzig.simba.io.SerializerFactory.getSerializer(SerializerFactory.java:22): Getting serializer with name TTL
22.01.2021 22:34:51 INFO  [main] de.uni_leipzig.simba.controller.PPJoinController.run(PPJoinController.java:172): Using TtlSerializer to serialize
22.01.2021 22:34:51 INFO  [main] de.uni_leipzig.simba.controller.PPJoinController.run(PPJoinController.java:191): Returned 1289 links above acceptance threshold.
22.01.2021 22:34:51 INFO  [main] de.uni_leipzig.simba.controller.PPJoinController.run(PPJoinController.java:192): Returned 3912 links to review.
22.01.2021 22:34:51 INFO  [main] de.uni_leipzig.simba.controller.PPJoinController.run(PPJoinController.java:199): Mapping carried out in 1.988 seconds
22.01.2021 22:34:51 INFO  [main] de.uni_leipzig.simba.controller.PPJoinController.run(PPJoinController.java:200): Done.
